<?xml version="1.0" encoding="UTF-8"?>
<!-- Generated by org.testng.reporters.JUnitReportReporter -->
<testsuite skipped="0" hostname="PVCO154" name="com.sampleTest_Git" tests="1" failures="0" timestamp="07 Nov 2019 09:47:19 GMT" time="38.930" errors="0">
  <testcase name="guru99" time="38.930" classname="com.sampleTest_Git"/>
</testsuite> <!-- com.sampleTest_Git -->
